<?xml version="1.0" encoding="UTF-8"?>
<!-- Generated by org.testng.reporters.JUnitReportReporter -->
<testsuite hostname="mgcc124713.ent.rt.csaa.com" name="testng.LoginTest" tests="1" failures="0" timestamp="9 Sep 2016 15:48:13 GMT" time="2.988" errors="0">
  <testcase name="f" time="2.988" classname="testng.LoginTest"/>
</testsuite> <!-- testng.LoginTest -->
